21-07-21 18:03:07.550 - INFO:   name: DANx2_setting1
  use_tb_logger: True
  model: blind
  distortion: sr
  scale: 2
  gpu_ids: [0]
  pca_matrix_path: ../../../pca_matrix/DANv2/pca_matrix.pth
  degradation:[
    random_kernel: True
    ksize: 21
    code_length: 10
    sig_min: 0.2
    sig_max: 4.0
    rate_iso: 1.0
    random_disturb: False
  ]
  datasets:[
    train:[
      name: DIV2K
      mode: GT
      dataroot_GT: /content/Lmdb_data/HR.lmdb
      use_shuffle: True
      n_workers: 2
      batch_size: 4
      GT_size: 128
      LR_size: 64
      use_flip: True
      use_rot: True
      color: RGB
      phase: train
      scale: 2
      data_type: lmdb
    ]
    val:[
      name: DIV2KRK
      mode: LQGT
      dataroot_GT: /content/Lmdb_data/Bic.lmdb
      dataroot_LQ: /content/Lmdb_data/Bic.lmdb
      phase: val
      scale: 2
      data_type: lmdb
    ]
  ]
  network_G:[
    which_model_G: DAN
    setting:[
      nf: 64
      nb: 10
      ng: 5
      input_para: 10
      loop: 4
      kernel_size: 21
      pca_matrix_path: ../../../pca_matrix/DANv2/pca_matrix.pth
      upscale: 2
    ]
  ]
  path:[
    pretrain_model_G: None
    strict_load: True
    resume_state: None
    root: /content/DAN
    experiments_root: /content/DAN/experiments/DANv2/DANx2_setting1
    models: /content/DAN/experiments/DANv2/DANx2_setting1/models
    training_state: /content/DAN/experiments/DANv2/DANx2_setting1/training_state
    log: /content/DAN/experiments/DANv2/DANx2_setting1
    val_images: /content/DAN/experiments/DANv2/DANx2_setting1/val_images
  ]
  train:[
    lr_G: 0.0004
    lr_scheme: MultiStepLR
    beta1: 0.9
    beta2: 0.99
    niter: 800000
    warmup_iter: -1
    lr_steps: [200000, 400000, 600000]
    lr_gamma: 0.5
    eta_min: 1e-07
    pixel_criterion: l1
    pixel_weight: 1.0
    manual_seed: 0
    val_freq: 2500.0
  ]
  logger:[
    print_freq: 1
    save_checkpoint_freq: 2500.0
  ]
  is_train: True
  dist: False

21-07-21 18:03:09.277 - INFO: Dataset [GTDataset - DIV2K] is created.
21-07-21 18:03:09.277 - INFO: Number of train images: 800, iters: 200
21-07-21 18:03:09.277 - INFO: Total epochs needed: 4000 for iters 800,000
21-07-21 18:03:09.278 - INFO: Dataset [LQGTDataset - DIV2KRK] is created.
21-07-21 18:03:09.278 - INFO: Number of val images in [DIV2KRK]: 100
